<?xml version="1.0" encoding="UTF-8"?>
<testng-results ignored="0" total="1" passed="1" failed="0" skipped="0">
  <reporter-output>
    <line>
      <![CDATA[======DataBase Connected successfully====]]>
    </line>
    <line>
      <![CDATA[Browser Chrome launched successfully]]>
    </line>
    <line>
      <![CDATA[======Launch the application successfully=====]]>
    </line>
    <line>
      <![CDATA[Organisation link clicked]]>
    </line>
    <line>
      <![CDATA[new Organisation img link clicked]]>
    </line>
    <line>
      <![CDATA[Create Organisation with org name]]>
    </line>
    <line>
      <![CDATA[===ORGANISATION CREATED===]]>
    </line>
    <line>
      <![CDATA[Contact link clicked]]>
    </line>
    <line>
      <![CDATA[new Contacts img link clicked]]>
    </line>
    <line>
      <![CDATA[Contact created with mandatory fields ]]>
    </line>
    <line>
      <![CDATA[========Contact created======]]>
    </line>
    <line>
      <![CDATA[===Vendor created=====]]>
    </line>
    <line>
      <![CDATA[------product is created-----]]>
    </line>
    <line>
      <![CDATA[===========signout successfully=====]]>
    </line>
    <line>
      <![CDATA[===========Browser closed successfully=====]]>
    </line>
    <line>
      <![CDATA[===========Ddatabase closed successfully=====]]>
    </line>
  </reporter-output>
  <suite started-at="2022-09-16T06:12:47 IST" name="Suite" finished-at="2022-09-16T06:13:46 IST" duration-ms="58567">
    <groups>
    </groups>
    <test started-at="2022-09-16T06:12:47 IST" name="Test" finished-at="2022-09-16T06:13:46 IST" duration-ms="58567">
      <class name="orgWithContact.EndToEndScenarioTest">
        <test-method is-config="true" signature="bsConfig()[pri:0, instance:orgWithContact.EndToEndScenarioTest@5d7148e2]" started-at="2022-09-16T06:12:47 IST" name="bsConfig" finished-at="2022-09-16T06:12:47 IST" duration-ms="193" status="PASS">
          <reporter-output>
            <line>
              <![CDATA[======DataBase Connected successfully====]]>
            </line>
          </reporter-output>
        </test-method> <!-- bsConfig -->
        <test-method is-config="true" signature="bcConfig()[pri:0, instance:orgWithContact.EndToEndScenarioTest@5d7148e2]" started-at="2022-09-16T06:12:47 IST" name="bcConfig" finished-at="2022-09-16T06:12:50 IST" duration-ms="3118" status="PASS">
          <reporter-output>
            <line>
              <![CDATA[Browser Chrome launched successfully]]>
            </line>
          </reporter-output>
        </test-method> <!-- bcConfig -->
        <test-method is-config="true" signature="bmConfig()[pri:0, instance:orgWithContact.EndToEndScenarioTest@5d7148e2]" started-at="2022-09-16T06:12:50 IST" name="bmConfig" finished-at="2022-09-16T06:12:54 IST" duration-ms="4013" status="PASS">
          <reporter-output>
            <line>
              <![CDATA[======Launch the application successfully=====]]>
            </line>
          </reporter-output>
        </test-method> <!-- bmConfig -->
        <test-method signature="CreateContactWithOrg()[pri:0, instance:orgWithContact.EndToEndScenarioTest@5d7148e2]" started-at="2022-09-16T06:12:54 IST" name="CreateContactWithOrg" finished-at="2022-09-16T06:13:43 IST" duration-ms="48858" status="PASS">
          <reporter-output>
            <line>
              <![CDATA[Organisation link clicked]]>
            </line>
            <line>
              <![CDATA[new Organisation img link clicked]]>
            </line>
            <line>
              <![CDATA[Create Organisation with org name]]>
            </line>
            <line>
              <![CDATA[===ORGANISATION CREATED===]]>
            </line>
            <line>
              <![CDATA[Contact link clicked]]>
            </line>
            <line>
              <![CDATA[new Contacts img link clicked]]>
            </line>
            <line>
              <![CDATA[Contact created with mandatory fields ]]>
            </line>
            <line>
              <![CDATA[========Contact created======]]>
            </line>
            <line>
              <![CDATA[===Vendor created=====]]>
            </line>
            <line>
              <![CDATA[------product is created-----]]>
            </line>
          </reporter-output>
        </test-method> <!-- CreateContactWithOrg -->
        <test-method is-config="true" signature="amConf()[pri:0, instance:orgWithContact.EndToEndScenarioTest@5d7148e2]" started-at="2022-09-16T06:13:43 IST" name="amConf" finished-at="2022-09-16T06:13:45 IST" duration-ms="2183" status="PASS">
          <reporter-output>
            <line>
              <![CDATA[===========signout successfully=====]]>
            </line>
          </reporter-output>
        </test-method> <!-- amConf -->
        <test-method is-config="true" signature="acConfig()[pri:0, instance:orgWithContact.EndToEndScenarioTest@5d7148e2]" started-at="2022-09-16T06:13:45 IST" name="acConfig" finished-at="2022-09-16T06:13:46 IST" duration-ms="117" status="PASS">
          <reporter-output>
            <line>
              <![CDATA[===========Browser closed successfully=====]]>
            </line>
          </reporter-output>
        </test-method> <!-- acConfig -->
        <test-method is-config="true" signature="asConfig()[pri:0, instance:orgWithContact.EndToEndScenarioTest@5d7148e2]" started-at="2022-09-16T06:13:46 IST" name="asConfig" finished-at="2022-09-16T06:13:46 IST" duration-ms="11" status="PASS">
          <reporter-output>
            <line>
              <![CDATA[===========Ddatabase closed successfully=====]]>
            </line>
          </reporter-output>
        </test-method> <!-- asConfig -->
      </class> <!-- orgWithContact.EndToEndScenarioTest -->
    </test> <!-- Test -->
  </suite> <!-- Suite -->
</testng-results>
